<?xml version="1.0" encoding="UTF-8"?>
<testng-results skipped="0" failed="0" ignored="10" total="11" passed="1">
  <reporter-output>
  </reporter-output>
  <suite name="Default suite" duration-ms="7429" started-at="2021-04-10T09:48:18Z" finished-at="2021-04-10T09:48:26Z">
    <groups>
    </groups>
    <test name="Default test" duration-ms="7429" started-at="2021-04-10T09:48:18Z" finished-at="2021-04-10T09:48:26Z">
      <class name="com.men.test.MenCatTest">
        <test-method status="PASS" signature="setup()[pri:0, instance:com.men.test.MenCatTest@2b9627bc]" name="setup" is-config="true" duration-ms="63541" started-at="2021-04-10T15:17:15Z" finished-at="2021-04-10T15:18:18Z">
          <reporter-output>
          </reporter-output>
        </test-method> <!-- setup -->
        <test-method status="PASS" signature="validateElementList()[pri:1, instance:com.men.test.MenCatTest@2b9627bc]" name="validateElementList" duration-ms="7293" started-at="2021-04-10T15:18:18Z" finished-at="2021-04-10T15:18:26Z">
          <reporter-output>
          </reporter-output>
        </test-method> <!-- validateElementList -->
        <test-method status="PASS" signature="tearDown()[pri:0, instance:com.men.test.MenCatTest@2b9627bc]" name="tearDown" is-config="true" duration-ms="2676" started-at="2021-04-10T15:18:28Z" finished-at="2021-04-10T15:18:31Z">
          <reporter-output>
          </reporter-output>
        </test-method> <!-- tearDown -->
      </class> <!-- com.men.test.MenCatTest -->
    </test> <!-- Default test -->
  </suite> <!-- Default suite -->
</testng-results>
