<?xml version="1.0" encoding="UTF-8"?>
<!-- Generated by org.testng.reporters.JUnitXMLReporter -->
<testsuite hostname="DESKTOP-5QSTMII" ignored="10" name="Default test" tests="1" failures="0" timestamp="10 Apr 2021 09:48:28 GMT" time="7.429" errors="0">
  <testcase name="validateElementList" time="7.293" classname="com.men.test.MenCatTest"/>
  <testcase name="validateReview" time="0.0" classname="com.men.test.MenCatTest">
    <ignored/>
  </testcase> <!-- validateReview -->
  <testcase name="validateMencategory" time="0.0" classname="com.men.test.MenCatTest">
    <ignored/>
  </testcase> <!-- validateMencategory -->
  <testcase name="validateTopCategory" time="0.0" classname="com.men.test.MenCatTest">
    <ignored/>
  </testcase> <!-- validateTopCategory -->
  <testcase name="validateListOfDuffleBags" time="0.0" classname="com.men.test.MenCatTest">
    <ignored/>
  </testcase> <!-- validateListOfDuffleBags -->
  <testcase name="validateSizeChart" time="0.0" classname="com.men.test.MenCatTest">
    <ignored/>
  </testcase> <!-- validateSizeChart -->
  <testcase name="verifyremoveProduct" time="0.0" classname="com.men.test.MenCatTest">
    <ignored/>
  </testcase> <!-- verifyremoveProduct -->
  <testcase name="validatePaymentButtons" time="0.0" classname="com.men.test.MenCatTest">
    <ignored/>
  </testcase> <!-- validatePaymentButtons -->
  <testcase name="validateBankName" time="0.0" classname="com.men.test.MenCatTest">
    <ignored/>
  </testcase> <!-- validateBankName -->
  <testcase name="verifyfillupAddressUsingExcel" time="0.0" classname="com.men.test.MenCatTest">
    <ignored/>
  </testcase> <!-- verifyfillupAddressUsingExcel -->
  <testcase name="validatePageTitle" time="0.0" classname="com.men.test.MenCatTest">
    <ignored/>
  </testcase> <!-- validatePageTitle -->
</testsuite> <!-- Default test -->
